<?xml version="1.0" encoding="UTF-8"?>
<!-- Generated by org.testng.reporters.JUnitReportReporter -->
<testsuite hostname="FLPUNDL9CB202" name="NITUXTestCases.NITTakingTestFromStudentApplication" tests="1" failures="0" timestamp="26 Jul 2016 07:45:24 GMT" time="65.947" errors="0">
  <testcase name="takingFRTTest" time="65.947" classname="NITUXTestCases.NITTakingTestFromStudentApplication"/>
</testsuite> <!-- NITUXTestCases.NITTakingTestFromStudentApplication -->
