<?xml version="1.0" encoding="UTF-8"?>
<!-- Generated by org.testng.reporters.JUnitReportReporter -->
<testsuite hostname="395-CNU3159ZRN" name="NITUXTestCases.NITLoginValidation" tests="2" failures="0" timestamp="2 Aug 2016 05:24:31 GMT" time="11.658" errors="0">
  <testcase name="adminloginwithvalidusernameandpassword" time="4.037" classname="NITUXTestCases.NITLoginValidation"/>
  <testcase name="studentloginwithvalidusernameandpassword" time="7.621" classname="NITUXTestCases.NITLoginValidation"/>
</testsuite> <!-- NITUXTestCases.NITLoginValidation -->
