<?xml version="1.0" encoding="UTF-8"?>
<!-- Generated by org.testng.reporters.JUnitReportReporter -->
<testsuite hostname="FLPUNV9KPTFY1" name="NITTestCases.LoginValidation" tests="2" failures="0" timestamp="27 Jan 2017 06:01:37 GMT" time="35.733" errors="0">
  <testcase name="studentloginwithvalidusernameandpassword" time="20.565" classname="NITTestCases.LoginValidation"/>
  <testcase name="adminloginwithvalidusernameandpassword" time="15.168" classname="NITTestCases.LoginValidation"/>
</testsuite> <!-- NITTestCases.LoginValidation -->
