<?xml version="1.0" encoding="UTF-8"?>
<!-- Generated by org.testng.reporters.JUnitReportReporter -->
<testsuite hostname="FLPUNDL9CB202" name="NITTestCases.RemediationLippincottValidation" tests="1" failures="0" timestamp="3 Oct 2016 13:49:29 GMT" time="91.959" errors="0">
  <testcase name="addRemediationLippincott" time="91.959" classname="NITTestCases.RemediationLippincottValidation"/>
</testsuite> <!-- NITTestCases.RemediationLippincottValidation -->
