<?xml version="1.0" encoding="UTF-8"?>
<!-- Generated by org.testng.reporters.JUnitReportReporter -->
<testsuite hostname="FLPUNDL9CB202" name="NITUXTestCases.NITTakingFRTTestandCompareResultsValidation" tests="2" failures="0" timestamp="5 Aug 2016 13:19:25 GMT" time="169.807" errors="0">
  <testcase name="takingFRTTest" time="100.306" classname="NITUXTestCases.NITTakingFRTTestandCompareResultsValidation"/>
  <testcase name="comparingPercent" time="69.501" classname="NITUXTestCases.NITTakingFRTTestandCompareResultsValidation"/>
</testsuite> <!-- NITUXTestCases.NITTakingFRTTestandCompareResultsValidation -->
