<?xml version="1.0" encoding="UTF-8"?>
<!-- Generated by org.testng.reporters.JUnitReportReporter -->
<testsuite hostname="FLPUNDL9CB202" name="NITUXTestCases.NITSchedulingTestsValidation" tests="1" failures="0" timestamp="29 Aug 2016 08:55:24 GMT" time="106.139" errors="0">
  <testcase name="scheduleTests" time="106.139" classname="NITUXTestCases.NITSchedulingTestsValidation"/>
</testsuite> <!-- NITUXTestCases.NITSchedulingTestsValidation -->
