<?xml version="1.0" encoding="UTF-8"?>
<!-- Generated by org.testng.reporters.JUnitReportReporter -->
<testsuite hostname="FLPUNDL9CB202" name="NITUXTestCases.NITCreateQuestionsTestsandRelease" tests="3" failures="0" timestamp="26 Aug 2016 06:50:29 GMT" time="560.983" errors="0">
  <testcase name="creatingQuestions" time="291.612" classname="NITUXTestCases.NITCreateQuestionsTestsandRelease"/>
  <testcase name="creatingTests" time="160.974" classname="NITUXTestCases.NITCreateQuestionsTestsandRelease"/>
  <testcase name="releaseQuestionsandTests" time="108.397" classname="NITUXTestCases.NITCreateQuestionsTestsandRelease"/>
</testsuite> <!-- NITUXTestCases.NITCreateQuestionsTestsandRelease -->
