<?xml version="1.0" encoding="UTF-8"?>
<!-- Generated by org.testng.reporters.JUnitReportReporter -->
<testsuite hostname="395-CNU3159ZRN" name="NITTestCases.RegressionTestSuite" tests="9" failures="0" timestamp="5 Oct 2016 15:36:41 GMT" time="834.684" errors="0">
  <testcase name="comparingPercent" time="73.877" classname="NITTestCases.RegressionTestSuite"/>
  <testcase name="creatingQuestions" time="175.558" classname="NITTestCases.RegressionTestSuite"/>
  <testcase name="creatingTests" time="81.064" classname="NITTestCases.RegressionTestSuite"/>
  <testcase name="addNormingProbability" time="174.700" classname="NITTestCases.RegressionTestSuite"/>
  <testcase name="addRemediationLippincott" time="28.519" classname="NITTestCases.RegressionTestSuite"/>
  <testcase name="scheduleTests" time="68.341" classname="NITTestCases.RegressionTestSuite"/>
  <testcase name="takingAllTests" time="139.342" classname="NITTestCases.RegressionTestSuite"/>
  <testcase name="releaseRemediationandLippincott" time="45.723" classname="NITTestCases.RegressionTestSuite"/>
  <testcase name="releaseQuestionsandTests" time="47.560" classname="NITTestCases.RegressionTestSuite"/>
</testsuite> <!-- NITTestCases.RegressionTestSuite -->
