<?xml version="1.0" encoding="UTF-8"?>
<!-- Generated by org.testng.reporters.JUnitReportReporter -->
<testsuite hostname="FLPUNDL9CB202" name="NITUXTestCases.NITStudentLoginValidation" tests="1" failures="0" timestamp="25 Jul 2016 09:04:56 GMT" time="41.316" errors="0">
  <testcase name="loginwithvalidusernameandpassword" time="41.316" classname="NITUXTestCases.NITStudentLoginValidation"/>
</testsuite> <!-- NITUXTestCases.NITStudentLoginValidation -->
