<?xml version="1.0" encoding="UTF-8"?>
<!-- Generated by org.testng.reporters.JUnitReportReporter -->
<testsuite hostname="FLPUNDL9CB202" name="NITTestCases.ReleaseRemediationandLippincottValidation" tests="1" failures="0" timestamp="5 Oct 2016 07:14:56 GMT" time="57.489" errors="0">
  <testcase name="releaseRemediationandLippincott" time="57.489" classname="NITTestCases.ReleaseRemediationandLippincottValidation"/>
</testsuite> <!-- NITTestCases.ReleaseRemediationandLippincottValidation -->
